[2026-02-28 22:31:51] GPU0 | Papaya_736x552_DPI150 | FULL | abla_full_fair_s0_Papaya_736x552_DPI150

======================================================================
🚀 RootSAM-Pro Grand Unification Engine Booting...
🏷️  Run ID       : 20260228_223153_62aae2e0_abla_full_fair_s0_Papaya_736x552_DPI150
🧬 Version      : 2.0.0+62aae2e0 (OneShot-Modular-V2Final)
🧾 Code Hash    : 62aae2e0
🎯 Target Subset : Papaya_736x552_DPI150
🎛️ Ablation Mode : FULL
💻 Compute Node  : cuda
======================================================================


💥 Starting Truncated-BPTT Kinematic Training...

--- Epoch 1/30 | LR: 1.000000e-04 ---
Batch [0/25] | Tot: 2.4331 | Seg: 0.1207 | Topo: 0.6787 | Gate: 1.9712
Batch [5/25] | Tot: 2.4669 | Seg: 0.0528 | Topo: 0.8270 | Gate: 1.9427
Batch [10/25] | Tot: 2.5587 | Seg: 0.0704 | Topo: 0.6659 | Gate: 2.1834
Batch [15/25] | Tot: 1.6094 | Seg: 0.0578 | Topo: 0.6778 | Gate: 1.3046
Batch [20/25] | Tot: 1.9851 | Seg: 0.0173 | Topo: 0.8292 | Gate: 1.5482
[Train] Epoch/Step: 1 | Loss: 2.2329  LR: 0.0001  
[Val] Epoch/Step: 1 | Accuracy: 80.9995  Precision: 46.4095  Recall: 49.6361  F1_Score: 47.9686  Standard_IoU: 31.5518  SDF_Relaxed_IoU: 41.8212  clDice: 48.7571  Pure_Soil_FPR: 41.2489  Insular_Gap_Recall: 57.2975  Gap_mIoU: 0.0000  
🌟 [New Best-Score] Saved! Epoch=1 | Score=0.534157 (no gate) | F1=47.97% clDice=48.76% SDF=41.82% FPR=41.25% INS=57.30%
⚠️ [Skip Best-HPACS] Gate failed: FPR=41.25%>10.00%

--- Epoch 2/30 | LR: 9.973979e-05 ---
Batch [0/25] | Tot: 2.2192 | Seg: 0.0245 | Topo: 0.5957 | Gate: 1.9483
Batch [5/25] | Tot: 2.1355 | Seg: 0.0119 | Topo: 0.9097 | Gate: 1.5729
Batch [10/25] | Tot: 1.9754 | Seg: 0.0236 | Topo: 0.8900 | Gate: 1.4491
Batch [15/25] | Tot: 1.7730 | Seg: 0.0107 | Topo: 0.7362 | Gate: 1.5116
Batch [20/25] | Tot: 2.2805 | Seg: 0.0152 | Topo: 0.5667 | Gate: 2.0209
[Train] Epoch/Step: 2 | Loss: 2.0528  LR: 0.0001  
[Val] Epoch/Step: 2 | Accuracy: 88.0761  Precision: 62.7695  Recall: 79.6924  F1_Score: 70.2258  Standard_IoU: 54.1139  SDF_Relaxed_IoU: 62.1328  clDice: 64.7306  Pure_Soil_FPR: 14.3679  Insular_Gap_Recall: 75.9254  Gap_mIoU: 0.0000  
🌟 [New Best-Score] Saved! Epoch=2 | Score=0.778304 (no gate) | F1=70.23% clDice=64.73% SDF=62.13% FPR=14.37% INS=75.93%
⚠️ [Skip Best-HPACS] Gate failed: FPR=14.37%>10.00%

--- Epoch 3/30 | LR: 9.896201e-05 ---
Batch [0/25] | Tot: 2.1276 | Seg: 0.0392 | Topo: 0.9918 | Gate: 1.5763
Batch [5/25] | Tot: 2.2531 | Seg: 0.0116 | Topo: 0.4770 | Gate: 2.0304
Batch [10/25] | Tot: 2.2754 | Seg: 0.0160 | Topo: 0.4970 | Gate: 2.0417
Batch [15/25] | Tot: 1.8076 | Seg: 0.0082 | Topo: 0.5375 | Gate: 1.6104
Batch [20/25] | Tot: 1.4930 | Seg: 0.0050 | Topo: 0.5351 | Gate: 1.3033
[Train] Epoch/Step: 3 | Loss: 2.0267  LR: 0.0001  
[Val] Epoch/Step: 3 | Accuracy: 90.4562  Precision: 69.0906  Recall: 83.0821  F1_Score: 75.4431  Standard_IoU: 60.5692  SDF_Relaxed_IoU: 65.8325  clDice: 68.5755  Pure_Soil_FPR: 4.2677  Insular_Gap_Recall: 74.5248  Gap_mIoU: 0.0000  
🌟 [New Best-Score] Saved! Epoch=3 | Score=0.836699 (no gate) | F1=75.44% clDice=68.58% SDF=65.83% FPR=4.27% INS=74.52%
🌟 [New Best-HPACS] Saved! Epoch=3 | Score=0.836699 | F1=75.44% clDice=68.58% SDF=65.83% FPR=4.27% INS=74.52%

--- Epoch 4/30 | LR: 9.767518e-05 ---
Batch [0/25] | Tot: 2.2923 | Seg: 0.0197 | Topo: 0.4502 | Gate: 2.0913
Batch [5/25] | Tot: 2.2236 | Seg: 0.0124 | Topo: 0.4997 | Gate: 2.0051
Batch [10/25] | Tot: 1.4042 | Seg: 0.0061 | Topo: 0.4554 | Gate: 1.2369
Batch [15/25] | Tot: 2.0746 | Seg: 0.0080 | Topo: 0.5671 | Gate: 1.6217
Batch [20/25] | Tot: 1.6552 | Seg: 0.0092 | Topo: 0.6728 | Gate: 1.3157
[Train] Epoch/Step: 4 | Loss: 1.9274  LR: 0.0001  
[Val] Epoch/Step: 4 | Accuracy: 91.8340  Precision: 74.0086  Recall: 82.8003  F1_Score: 78.1580  Standard_IoU: 64.1470  SDF_Relaxed_IoU: 67.4255  clDice: 70.9450  Pure_Soil_FPR: 1.9667  Insular_Gap_Recall: 69.1084  Gap_mIoU: 0.0000  
🌟 [New Best-Score] Saved! Epoch=4 | Score=0.869143 (no gate) | F1=78.16% clDice=70.95% SDF=67.43% FPR=1.97% INS=69.11%
🌟 [New Best-HPACS] Saved! Epoch=4 | Score=0.869143 | F1=78.16% clDice=70.95% SDF=67.43% FPR=1.97% INS=69.11%

--- Epoch 5/30 | LR: 9.589341e-05 ---
Batch [0/25] | Tot: 2.1667 | Seg: 0.0202 | Topo: 0.3732 | Gate: 1.9881
Batch [5/25] | Tot: 1.8983 | Seg: 0.0168 | Topo: 0.6267 | Gate: 1.6752
Batch [10/25] | Tot: 1.8596 | Seg: 0.0026 | Topo: 0.5937 | Gate: 1.5601
Batch [15/25] | Tot: 1.5072 | Seg: 0.0026 | Topo: 0.7443 | Gate: 1.1889
Batch [20/25] | Tot: 1.5718 | Seg: 0.0106 | Topo: 0.5488 | Gate: 1.3726
[Train] Epoch/Step: 5 | Loss: 1.9058  LR: 0.0001  
[Val] Epoch/Step: 5 | Accuracy: 91.9090  Precision: 74.4935  Recall: 82.3391  F1_Score: 78.2201  Standard_IoU: 64.2307  SDF_Relaxed_IoU: 68.5660  clDice: 72.8453  Pure_Soil_FPR: 3.1269  Insular_Gap_Recall: 67.0554  Gap_mIoU: 0.0000  
🌟 [New Best-Score] Saved! Epoch=5 | Score=0.883680 (no gate) | F1=78.22% clDice=72.85% SDF=68.57% FPR=3.13% INS=67.06%
🌟 [New Best-HPACS] Saved! Epoch=5 | Score=0.883680 | F1=78.22% clDice=72.85% SDF=68.57% FPR=3.13% INS=67.06%

--- Epoch 6/30 | LR: 9.363621e-05 ---
Batch [0/25] | Tot: 2.2408 | Seg: 0.0193 | Topo: 0.3729 | Gate: 2.0829
Batch [5/25] | Tot: 1.9464 | Seg: 0.0180 | Topo: 0.5811 | Gate: 1.6761
Batch [10/25] | Tot: 1.6111 | Seg: 0.0089 | Topo: 0.8280 | Gate: 1.2394
Batch [15/25] | Tot: 1.6175 | Seg: 0.0091 | Topo: 0.7759 | Gate: 1.2930
Batch [20/25] | Tot: 2.0287 | Seg: 0.0055 | Topo: 0.6853 | Gate: 1.7067
[Train] Epoch/Step: 6 | Loss: 1.8369  LR: 0.0001  
[Val] Epoch/Step: 6 | Accuracy: 92.1805  Precision: 75.6728  Recall: 82.0688  F1_Score: 78.7411  Standard_IoU: 64.9364  SDF_Relaxed_IoU: 70.2947  clDice: 74.8464  Pure_Soil_FPR: 0.3265  Insular_Gap_Recall: 65.7956  Gap_mIoU: 0.0000  
🌟 [New Best-Score] Saved! Epoch=6 | Score=0.902311 (no gate) | F1=78.74% clDice=74.85% SDF=70.29% FPR=0.33% INS=65.80%
🌟 [New Best-HPACS] Saved! Epoch=6 | Score=0.902311 | F1=78.74% clDice=74.85% SDF=70.29% FPR=0.33% INS=65.80%

--- Epoch 7/30 | LR: 9.092831e-05 ---
Batch [0/25] | Tot: 2.0146 | Seg: 0.0198 | Topo: 0.3646 | Gate: 1.8532
Batch [5/25] | Tot: 2.2572 | Seg: 0.0228 | Topo: 0.3946 | Gate: 2.0859
Batch [10/25] | Tot: 1.7737 | Seg: 0.0023 | Topo: 0.8194 | Gate: 1.4626
Batch [15/25] | Tot: 1.9018 | Seg: 0.0094 | Topo: 0.7427 | Gate: 1.5983
Batch [20/25] | Tot: 1.5279 | Seg: 0.0295 | Topo: 0.4625 | Gate: 1.3399
[Train] Epoch/Step: 7 | Loss: 1.7725  LR: 0.0001  
[Val] Epoch/Step: 7 | Accuracy: 91.9213  Precision: 74.3923  Recall: 82.6749  F1_Score: 78.3152  Standard_IoU: 64.3591  SDF_Relaxed_IoU: 71.6182  clDice: 76.4342  Pure_Soil_FPR: 0.0017  Insular_Gap_Recall: 62.1703  Gap_mIoU: 0.0000  
🌟 [New Best-Score] Saved! Epoch=7 | Score=0.912148 (no gate) | F1=78.32% clDice=76.43% SDF=71.62% FPR=0.00% INS=62.17%
🌟 [New Best-HPACS] Saved! Epoch=7 | Score=0.912148 | F1=78.32% clDice=76.43% SDF=71.62% FPR=0.00% INS=62.17%

--- Epoch 8/30 | LR: 8.779938e-05 ---
Batch [0/25] | Tot: 2.0939 | Seg: 0.0285 | Topo: 0.3241 | Gate: 1.9397
Batch [5/25] | Tot: 2.0824 | Seg: 0.0185 | Topo: 0.3829 | Gate: 1.9216
Batch [10/25] | Tot: 1.7512 | Seg: 0.0017 | Topo: 0.8776 | Gate: 1.4482
Batch [15/25] | Tot: 1.5254 | Seg: 0.0145 | Topo: 0.4570 | Gate: 1.3554
Batch [20/25] | Tot: 1.5151 | Seg: 0.0079 | Topo: 0.5420 | Gate: 1.3297
[Train] Epoch/Step: 8 | Loss: 1.7518  LR: 0.0001  
[Val] Epoch/Step: 8 | Accuracy: 91.9862  Precision: 73.9400  Recall: 84.2929  F1_Score: 78.7778  Standard_IoU: 64.9862  SDF_Relaxed_IoU: 72.2361  clDice: 76.5167  Pure_Soil_FPR: 0.0000  Insular_Gap_Recall: 62.8307  Gap_mIoU: 0.0000  
🌟 [New Best-Score] Saved! Epoch=8 | Score=0.916500 (no gate) | F1=78.78% clDice=76.52% SDF=72.24% FPR=0.00% INS=62.83%
🌟 [New Best-HPACS] Saved! Epoch=8 | Score=0.916500 | F1=78.78% clDice=76.52% SDF=72.24% FPR=0.00% INS=62.83%

--- Epoch 9/30 | LR: 8.428370e-05 ---
Batch [0/25] | Tot: 1.0297 | Seg: 0.0050 | Topo: 0.2673 | Gate: 0.9230
Batch [5/25] | Tot: 1.4439 | Seg: 0.0245 | Topo: 0.3631 | Gate: 1.2938
Batch [10/25] | Tot: 1.4860 | Seg: 0.0045 | Topo: 0.4497 | Gate: 1.2912
Batch [15/25] | Tot: 1.7063 | Seg: 0.0117 | Topo: 0.6978 | Gate: 1.4567
Batch [20/25] | Tot: 2.0156 | Seg: 0.0324 | Topo: 0.3001 | Gate: 1.8693
[Train] Epoch/Step: 9 | Loss: 1.6098  LR: 0.0001  
[Val] Epoch/Step: 9 | Accuracy: 92.0453  Precision: 73.3608  Recall: 86.2324  F1_Score: 79.2775  Standard_IoU: 65.6692  SDF_Relaxed_IoU: 74.2111  clDice: 77.6671  Pure_Soil_FPR: 0.0000  Insular_Gap_Recall: 67.9122  Gap_mIoU: 0.0000  
🌟 [New Best-Score] Saved! Epoch=9 | Score=0.930212 (no gate) | F1=79.28% clDice=77.67% SDF=74.21% FPR=0.00% INS=67.91%
🌟 [New Best-HPACS] Saved! Epoch=9 | Score=0.930212 | F1=79.28% clDice=77.67% SDF=74.21% FPR=0.00% INS=67.91%

--- Epoch 10/30 | LR: 8.041980e-05 ---
Batch [0/25] | Tot: 1.4123 | Seg: 0.0010 | Topo: 0.4774 | Gate: 1.2247
Batch [5/25] | Tot: 1.1497 | Seg: 0.0207 | Topo: 0.4350 | Gate: 0.9787
Batch [10/25] | Tot: 1.5136 | Seg: 0.0290 | Topo: 0.6399 | Gate: 1.2696
Batch [15/25] | Tot: 1.4733 | Seg: 0.0290 | Topo: 0.5867 | Gate: 1.2446
Batch [20/25] | Tot: 1.7815 | Seg: 0.0310 | Topo: 0.2997 | Gate: 1.6376
[Train] Epoch/Step: 10 | Loss: 1.5459  LR: 0.0001  
[Val] Epoch/Step: 10 | Accuracy: 92.1057  Precision: 73.5201  Recall: 86.3687  F1_Score: 79.4281  Standard_IoU: 65.8762  SDF_Relaxed_IoU: 74.1085  clDice: 77.5995  Pure_Soil_FPR: 0.0000  Insular_Gap_Recall: 66.7991  Gap_mIoU: 0.0000  

--- Epoch 11/30 | LR: 7.625000e-05 ---
Batch [0/25] | Tot: 1.3495 | Seg: 0.0044 | Topo: 0.5118 | Gate: 1.1760
Batch [5/25] | Tot: 1.6105 | Seg: 0.0183 | Topo: 0.8186 | Gate: 1.3364
Batch [10/25] | Tot: 1.3471 | Seg: 0.0405 | Topo: 0.4667 | Gate: 1.1520
Batch [15/25] | Tot: 1.8350 | Seg: 0.0133 | Topo: 0.4100 | Gate: 1.6796
Batch [20/25] | Tot: 2.0129 | Seg: 0.0319 | Topo: 0.2943 | Gate: 1.8699
[Train] Epoch/Step: 11 | Loss: 1.5344  LR: 0.0001  
[Val] Epoch/Step: 11 | Accuracy: 91.2620  Precision: 69.6308  Recall: 89.5263  F1_Score: 78.3351  Standard_IoU: 64.3859  SDF_Relaxed_IoU: 76.3758  clDice: 79.2138  Pure_Soil_FPR: 0.0000  Insular_Gap_Recall: 76.9914  Gap_mIoU: 0.0000  
🌟 [New Best-Score] Saved! Epoch=11 | Score=0.938126 (no gate) | F1=78.34% clDice=79.21% SDF=76.38% FPR=0.00% INS=76.99%
🌟 [New Best-HPACS] Saved! Epoch=11 | Score=0.938126 | F1=78.34% clDice=79.21% SDF=76.38% FPR=0.00% INS=76.99%

--- Epoch 12/30 | LR: 7.181999e-05 ---
Batch [0/25] | Tot: 1.3390 | Seg: 0.0168 | Topo: 0.7078 | Gate: 1.1024
Batch [5/25] | Tot: 1.2006 | Seg: 0.0443 | Topo: 0.4541 | Gate: 1.0052
Batch [10/25] | Tot: 1.4050 | Seg: 0.0014 | Topo: 0.4429 | Gate: 1.2359
Batch [15/25] | Tot: 1.6230 | Seg: 0.0288 | Topo: 0.7818 | Gate: 1.3520
Batch [20/25] | Tot: 1.8545 | Seg: 0.0167 | Topo: 0.3325 | Gate: 1.7174
[Train] Epoch/Step: 12 | Loss: 1.5373  LR: 0.0001  
[Val] Epoch/Step: 12 | Accuracy: 91.8547  Precision: 71.7121  Recall: 88.9105  F1_Score: 79.3906  Standard_IoU: 65.8246  SDF_Relaxed_IoU: 76.5819  clDice: 79.3092  Pure_Soil_FPR: 0.0000  Insular_Gap_Recall: 74.5384  Gap_mIoU: 0.0000  
🌟 [New Best-Score] Saved! Epoch=12 | Score=0.945417 (no gate) | F1=79.39% clDice=79.31% SDF=76.58% FPR=0.00% INS=74.54%
🌟 [New Best-HPACS] Saved! Epoch=12 | Score=0.945417 | F1=79.39% clDice=79.31% SDF=76.58% FPR=0.00% INS=74.54%

--- Epoch 13/30 | LR: 6.717831e-05 ---
Batch [0/25] | Tot: 1.5309 | Seg: 0.0045 | Topo: 0.6328 | Gate: 1.3288
Batch [5/25] | Tot: 0.7434 | Seg: 0.0042 | Topo: 0.2473 | Gate: 0.6461
Batch [10/25] | Tot: 1.1722 | Seg: 0.0065 | Topo: 0.4026 | Gate: 1.0294
Batch [15/25] | Tot: 1.5648 | Seg: 0.0335 | Topo: 0.4700 | Gate: 1.3789
Batch [20/25] | Tot: 1.8683 | Seg: 0.0163 | Topo: 0.2835 | Gate: 1.7460
[Train] Epoch/Step: 13 | Loss: 1.4920  LR: 0.0001  
[Val] Epoch/Step: 13 | Accuracy: 91.8661  Precision: 71.7033  Recall: 89.0430  F1_Score: 79.4379  Standard_IoU: 65.8896  SDF_Relaxed_IoU: 76.8260  clDice: 79.4471  Pure_Soil_FPR: 0.0000  Insular_Gap_Recall: 75.2853  Gap_mIoU: 0.0000  
🌟 [New Best-Score] Saved! Epoch=13 | Score=0.947006 (no gate) | F1=79.44% clDice=79.45% SDF=76.83% FPR=0.00% INS=75.29%
🌟 [New Best-HPACS] Saved! Epoch=13 | Score=0.947006 | F1=79.44% clDice=79.45% SDF=76.83% FPR=0.00% INS=75.29%

--- Epoch 14/30 | LR: 6.237581e-05 ---
Batch [0/25] | Tot: 1.9175 | Seg: 0.0284 | Topo: 0.2414 | Gate: 1.7955
Batch [5/25] | Tot: 1.7962 | Seg: 0.0110 | Topo: 0.3378 | Gate: 1.6675
Batch [10/25] | Tot: 1.4942 | Seg: 0.0018 | Topo: 0.8082 | Gate: 1.2494
Batch [15/25] | Tot: 1.2880 | Seg: 0.0018 | Topo: 0.4091 | Gate: 1.1498
Batch [20/25] | Tot: 1.2757 | Seg: 0.0085 | Topo: 0.6008 | Gate: 1.0707
[Train] Epoch/Step: 14 | Loss: 1.4663  LR: 0.0001  
[Val] Epoch/Step: 14 | Accuracy: 91.5762  Precision: 70.6437  Recall: 89.4192  F1_Score: 78.9303  Standard_IoU: 65.1940  SDF_Relaxed_IoU: 77.2124  clDice: 80.3696  Pure_Soil_FPR: 0.0000  Insular_Gap_Recall: 75.4777  Gap_mIoU: 0.0000  
🌟 [New Best-Score] Saved! Epoch=14 | Score=0.950170 (no gate) | F1=78.93% clDice=80.37% SDF=77.21% FPR=0.00% INS=75.48%
🌟 [New Best-HPACS] Saved! Epoch=14 | Score=0.950170 | F1=78.93% clDice=80.37% SDF=77.21% FPR=0.00% INS=75.48%

--- Epoch 15/30 | LR: 5.746510e-05 ---
Batch [0/25] | Tot: 1.6565 | Seg: 0.0122 | Topo: 0.3061 | Gate: 1.5340
Batch [5/25] | Tot: 1.3905 | Seg: 0.0107 | Topo: 0.6112 | Gate: 1.1907
Batch [10/25] | Tot: 1.1124 | Seg: 0.0126 | Topo: 0.2365 | Gate: 1.0123
Batch [15/25] | Tot: 1.0260 | Seg: 0.0014 | Topo: 0.3585 | Gate: 0.8952
Batch [20/25] | Tot: 1.1711 | Seg: 0.0040 | Topo: 0.4142 | Gate: 1.0278
[Train] Epoch/Step: 15 | Loss: 1.3748  LR: 0.0001  
[Val] Epoch/Step: 15 | Accuracy: 91.4117  Precision: 70.0638  Recall: 89.6204  F1_Score: 78.6446  Standard_IoU: 64.8051  SDF_Relaxed_IoU: 77.2616  clDice: 80.5072  Pure_Soil_FPR: 0.0000  Insular_Gap_Recall: 75.9458  Gap_mIoU: 0.0000  

--- Epoch 16/30 | LR: 5.250000e-05 ---
Batch [0/25] | Tot: 1.8293 | Seg: 0.0170 | Topo: 0.2654 | Gate: 1.7134
Batch [5/25] | Tot: 1.7539 | Seg: 0.0146 | Topo: 0.2591 | Gate: 1.6447
Batch [10/25] | Tot: 1.3908 | Seg: 0.0035 | Topo: 0.7364 | Gate: 1.1662
Batch [15/25] | Tot: 1.3176 | Seg: 0.0012 | Topo: 0.5857 | Gate: 1.1328
Batch [20/25] | Tot: 1.0958 | Seg: 0.0015 | Topo: 0.4303 | Gate: 0.9532
[Train] Epoch/Step: 16 | Loss: 1.4225  LR: 0.0001  
[Val] Epoch/Step: 16 | Accuracy: 92.0969  Precision: 72.5110  Recall: 88.9219  F1_Score: 79.8823  Standard_IoU: 66.5033  SDF_Relaxed_IoU: 77.6443  clDice: 80.6684  Pure_Soil_FPR: 0.0000  Insular_Gap_Recall: 74.8807  Gap_mIoU: 0.0000  
🌟 [New Best-Score] Saved! Epoch=16 | Score=0.958553 (no gate) | F1=79.88% clDice=80.67% SDF=77.64% FPR=0.00% INS=74.88%
🌟 [New Best-HPACS] Saved! Epoch=16 | Score=0.958553 | F1=79.88% clDice=80.67% SDF=77.64% FPR=0.00% INS=74.88%

--- Epoch 17/30 | LR: 4.753490e-05 ---
Batch [0/25] | Tot: 0.8291 | Seg: 0.0073 | Topo: 0.2470 | Gate: 0.7313
Batch [5/25] | Tot: 1.1433 | Seg: 0.0056 | Topo: 0.4440 | Gate: 0.9927
Batch [10/25] | Tot: 1.0186 | Seg: 0.0086 | Topo: 0.3115 | Gate: 0.9033
Batch [15/25] | Tot: 1.7434 | Seg: 0.0104 | Topo: 0.2930 | Gate: 1.6267
Batch [20/25] | Tot: 1.8615 | Seg: 0.0117 | Topo: 0.2711 | Gate: 1.7503
[Train] Epoch/Step: 17 | Loss: 1.3534  LR: 0.0000  
[Val] Epoch/Step: 17 | Accuracy: 92.4506  Precision: 73.6093  Recall: 89.1943  F1_Score: 80.6559  Standard_IoU: 67.5826  SDF_Relaxed_IoU: 78.9334  clDice: 81.7687  Pure_Soil_FPR: 0.0000  Insular_Gap_Recall: 75.3955  Gap_mIoU: 0.0000  
🌟 [New Best-Score] Saved! Epoch=17 | Score=0.972336 (no gate) | F1=80.66% clDice=81.77% SDF=78.93% FPR=0.00% INS=75.40%
🌟 [New Best-HPACS] Saved! Epoch=17 | Score=0.972336 | F1=80.66% clDice=81.77% SDF=78.93% FPR=0.00% INS=75.40%

--- Epoch 18/30 | LR: 4.262419e-05 ---
Batch [0/25] | Tot: 1.4458 | Seg: 0.0046 | Topo: 0.5394 | Gate: 1.2704
Batch [5/25] | Tot: 1.4022 | Seg: 0.0391 | Topo: 0.8158 | Gate: 1.1065
Batch [10/25] | Tot: 0.7690 | Seg: 0.0038 | Topo: 0.2479 | Gate: 0.6750
Batch [15/25] | Tot: 0.7534 | Seg: 0.0025 | Topo: 0.2014 | Gate: 0.6741
Batch [20/25] | Tot: 1.5722 | Seg: 0.0113 | Topo: 0.2676 | Gate: 1.4628
[Train] Epoch/Step: 18 | Loss: 1.3345  LR: 0.0000  
[Val] Epoch/Step: 18 | Accuracy: 92.4375  Precision: 73.4321  Recall: 89.5359  F1_Score: 80.6883  Standard_IoU: 67.6282  SDF_Relaxed_IoU: 79.3461  clDice: 82.3857  Pure_Soil_FPR: 0.0000  Insular_Gap_Recall: 77.2072  Gap_mIoU: 0.0000  
🌟 [New Best-Score] Saved! Epoch=18 | Score=0.977005 (no gate) | F1=80.69% clDice=82.39% SDF=79.35% FPR=0.00% INS=77.21%
🌟 [New Best-HPACS] Saved! Epoch=18 | Score=0.977005 | F1=80.69% clDice=82.39% SDF=79.35% FPR=0.00% INS=77.21%

--- Epoch 19/30 | LR: 3.782169e-05 ---
Batch [0/25] | Tot: 1.7155 | Seg: 0.0368 | Topo: 0.2535 | Gate: 1.5848
Batch [5/25] | Tot: 1.5024 | Seg: 0.0059 | Topo: 0.4952 | Gate: 1.3382
Batch [10/25] | Tot: 1.4960 | Seg: 0.0117 | Topo: 0.2681 | Gate: 1.3869
Batch [15/25] | Tot: 1.1544 | Seg: 0.0032 | Topo: 0.5823 | Gate: 0.9679
Batch [20/25] | Tot: 0.7280 | Seg: 0.0195 | Topo: 0.3468 | Gate: 0.5828
[Train] Epoch/Step: 19 | Loss: 1.3202  LR: 0.0000  
[Val] Epoch/Step: 19 | Accuracy: 92.3388  Precision: 73.0006  Recall: 89.7923  F1_Score: 80.5304  Standard_IoU: 67.4066  SDF_Relaxed_IoU: 79.3279  clDice: 82.1863  Pure_Soil_FPR: 0.0000  Insular_Gap_Recall: 77.4280  Gap_mIoU: 0.0000  

--- Epoch 20/30 | LR: 3.318001e-05 ---
Batch [0/25] | Tot: 1.8295 | Seg: 0.0120 | Topo: 0.2650 | Gate: 1.7206
Batch [5/25] | Tot: 1.2774 | Seg: 0.0058 | Topo: 0.4889 | Gate: 1.1158
Batch [10/25] | Tot: 1.0764 | Seg: 0.0168 | Topo: 0.4010 | Gate: 0.9257
Batch [15/25] | Tot: 1.2897 | Seg: 0.0120 | Topo: 0.5936 | Gate: 1.0802
Batch [20/25] | Tot: 0.8997 | Seg: 0.0065 | Topo: 0.1815 | Gate: 0.8226
[Train] Epoch/Step: 20 | Loss: 1.3598  LR: 0.0000  
[Val] Epoch/Step: 20 | Accuracy: 92.4881  Precision: 73.7830  Recall: 89.0810  F1_Score: 80.7135  Standard_IoU: 67.6636  SDF_Relaxed_IoU: 79.4860  clDice: 83.0267  Pure_Soil_FPR: 0.0000  Insular_Gap_Recall: 76.9067  Gap_mIoU: 0.0000  
🌟 [New Best-Score] Saved! Epoch=20 | Score=0.981193 (no gate) | F1=80.71% clDice=83.03% SDF=79.49% FPR=0.00% INS=76.91%
🌟 [New Best-HPACS] Saved! Epoch=20 | Score=0.981193 | F1=80.71% clDice=83.03% SDF=79.49% FPR=0.00% INS=76.91%

--- Epoch 21/30 | LR: 2.875000e-05 ---
Batch [0/25] | Tot: 1.5531 | Seg: 0.0098 | Topo: 0.2354 | Gate: 1.4557
Batch [5/25] | Tot: 1.6780 | Seg: 0.0070 | Topo: 0.6348 | Gate: 1.4780
Batch [10/25] | Tot: 1.7036 | Seg: 0.0101 | Topo: 0.2561 | Gate: 1.5983
Batch [15/25] | Tot: 1.0959 | Seg: 0.0094 | Topo: 0.5061 | Gate: 0.9289
Batch [20/25] | Tot: 0.8748 | Seg: 0.0036 | Topo: 0.3739 | Gate: 0.7508
[Train] Epoch/Step: 21 | Loss: 1.3312  LR: 0.0000  
[Val] Epoch/Step: 21 | Accuracy: 92.2408  Precision: 72.5138  Recall: 90.2269  F1_Score: 80.4064  Standard_IoU: 67.2330  SDF_Relaxed_IoU: 79.3735  clDice: 82.6568  Pure_Soil_FPR: 0.0000  Insular_Gap_Recall: 78.3911  Gap_mIoU: 0.0000  

--- Epoch 22/30 | LR: 2.458020e-05 ---
Batch [0/25] | Tot: 1.5778 | Seg: 0.0023 | Topo: 0.8142 | Gate: 1.3358
Batch [5/25] | Tot: 1.3266 | Seg: 0.0100 | Topo: 0.7181 | Gate: 1.0935
Batch [10/25] | Tot: 1.0428 | Seg: 0.0019 | Topo: 0.3315 | Gate: 0.9287
Batch [15/25] | Tot: 0.8854 | Seg: 0.0073 | Topo: 0.2148 | Gate: 0.7972
Batch [20/25] | Tot: 1.7965 | Seg: 0.0130 | Topo: 0.2604 | Gate: 1.6902
[Train] Epoch/Step: 22 | Loss: 1.3061  LR: 0.0000  
[Val] Epoch/Step: 22 | Accuracy: 92.3568  Precision: 73.0981  Recall: 89.6938  F1_Score: 80.5501  Standard_IoU: 67.4342  SDF_Relaxed_IoU: 79.3435  clDice: 82.7568  Pure_Soil_FPR: 0.0000  Insular_Gap_Recall: 77.4343  Gap_mIoU: 0.0000  

--- Epoch 23/30 | LR: 2.071630e-05 ---
Batch [0/25] | Tot: 1.1468 | Seg: 0.0080 | Topo: 0.4238 | Gate: 1.0023
Batch [5/25] | Tot: 1.0219 | Seg: 0.0064 | Topo: 0.3677 | Gate: 0.8949
Batch [10/25] | Tot: 0.6097 | Seg: 0.0058 | Topo: 0.1779 | Gate: 0.5326
Batch [15/25] | Tot: 1.6629 | Seg: 0.0040 | Topo: 0.6961 | Gate: 1.4516
Batch [20/25] | Tot: 1.5368 | Seg: 0.0152 | Topo: 0.1901 | Gate: 1.4469
[Train] Epoch/Step: 23 | Loss: 1.3084  LR: 0.0000  
[Val] Epoch/Step: 23 | Accuracy: 92.3012  Precision: 72.7982  Recall: 89.9979  F1_Score: 80.4895  Standard_IoU: 67.3493  SDF_Relaxed_IoU: 79.4147  clDice: 82.9456  Pure_Soil_FPR: 0.0000  Insular_Gap_Recall: 78.1543  Gap_mIoU: 0.0000  

--- Epoch 24/30 | LR: 1.720062e-05 ---
Batch [0/25] | Tot: 1.6961 | Seg: 0.0109 | Topo: 0.2142 | Gate: 1.6026
Batch [5/25] | Tot: 1.4480 | Seg: 0.0077 | Topo: 0.5961 | Gate: 1.2593
Batch [10/25] | Tot: 1.2462 | Seg: 0.0013 | Topo: 0.7975 | Gate: 1.0075
Batch [15/25] | Tot: 1.3215 | Seg: 0.0198 | Topo: 0.6791 | Gate: 1.0889
Batch [20/25] | Tot: 1.1090 | Seg: 0.0005 | Topo: 0.5854 | Gate: 0.9309
[Train] Epoch/Step: 24 | Loss: 1.2664  LR: 0.0000  
[Val] Epoch/Step: 24 | Accuracy: 92.1914  Precision: 72.2813  Recall: 90.4227  F1_Score: 80.3406  Standard_IoU: 67.1411  SDF_Relaxed_IoU: 79.3477  clDice: 82.8568  Pure_Soil_FPR: 0.0000  Insular_Gap_Recall: 78.6313  Gap_mIoU: 0.0000  

--- Epoch 25/30 | LR: 1.407169e-05 ---
Batch [0/25] | Tot: 1.7695 | Seg: 0.0185 | Topo: 0.3042 | Gate: 1.6445
Batch [5/25] | Tot: 1.3162 | Seg: 0.0059 | Topo: 0.7054 | Gate: 1.0967
Batch [10/25] | Tot: 1.0038 | Seg: 0.0079 | Topo: 0.2606 | Gate: 0.9051
Batch [15/25] | Tot: 1.1467 | Seg: 0.0265 | Topo: 0.3365 | Gate: 1.0042
Batch [20/25] | Tot: 1.3593 | Seg: 0.0036 | Topo: 0.7949 | Gate: 1.1230
[Train] Epoch/Step: 25 | Loss: 1.3137  LR: 0.0000  
[Val] Epoch/Step: 25 | Accuracy: 92.2758  Precision: 72.6871  Recall: 90.0695  F1_Score: 80.4501  Standard_IoU: 67.2941  SDF_Relaxed_IoU: 79.3977  clDice: 83.0542  Pure_Soil_FPR: 0.0000  Insular_Gap_Recall: 78.2219  Gap_mIoU: 0.0000  

--- Epoch 26/30 | LR: 1.136379e-05 ---
Batch [0/25] | Tot: 1.3920 | Seg: 0.0015 | Topo: 0.7824 | Gate: 1.1623
Batch [5/25] | Tot: 1.5855 | Seg: 0.0089 | Topo: 0.2234 | Gate: 1.4925
Batch [10/25] | Tot: 0.8026 | Seg: 0.0084 | Topo: 0.4090 | Gate: 0.6623
Batch [15/25] | Tot: 1.1639 | Seg: 0.0070 | Topo: 0.4628 | Gate: 1.0020
Batch [20/25] | Tot: 0.6791 | Seg: 0.0078 | Topo: 0.1666 | Gate: 0.6029
[Train] Epoch/Step: 26 | Loss: 1.2238  LR: 0.0000  
[Val] Epoch/Step: 26 | Accuracy: 92.2675  Precision: 72.6428  Recall: 90.1151  F1_Score: 80.4411  Standard_IoU: 67.2816  SDF_Relaxed_IoU: 79.3732  clDice: 83.0760  Pure_Soil_FPR: 0.0000  Insular_Gap_Recall: 78.3039  Gap_mIoU: 0.0000  

--- Epoch 27/30 | LR: 9.106591e-06 ---
Batch [0/25] | Tot: 1.4022 | Seg: 0.0044 | Topo: 0.4899 | Gate: 1.2454
Batch [5/25] | Tot: 1.6159 | Seg: 0.0229 | Topo: 0.2816 | Gate: 1.4931
Batch [10/25] | Tot: 1.2319 | Seg: 0.0425 | Topo: 0.5663 | Gate: 1.0052
Batch [15/25] | Tot: 0.9315 | Seg: 0.0167 | Topo: 0.1361 | Gate: 0.8559
Batch [20/25] | Tot: 0.7804 | Seg: 0.0064 | Topo: 0.1816 | Gate: 0.7035
[Train] Epoch/Step: 27 | Loss: 1.2967  LR: 0.0000  
[Val] Epoch/Step: 27 | Accuracy: 92.1661  Precision: 72.2540  Recall: 90.2659  F1_Score: 80.2618  Standard_IoU: 67.0311  SDF_Relaxed_IoU: 79.2782  clDice: 82.8911  Pure_Soil_FPR: 0.0000  Insular_Gap_Recall: 78.3456  Gap_mIoU: 0.0000  

--- Epoch 28/30 | LR: 7.324815e-06 ---
Batch [0/25] | Tot: 1.6870 | Seg: 0.0238 | Topo: 0.2679 | Gate: 1.5666
Batch [5/25] | Tot: 0.7395 | Seg: 0.0126 | Topo: 0.3103 | Gate: 0.6236
Batch [10/25] | Tot: 0.7027 | Seg: 0.0223 | Topo: 0.3424 | Gate: 0.5592
Batch [15/25] | Tot: 1.1476 | Seg: 0.0243 | Topo: 0.6412 | Gate: 0.9270
Batch [20/25] | Tot: 1.6554 | Seg: 0.0096 | Topo: 0.2641 | Gate: 1.5506
[Train] Epoch/Step: 28 | Loss: 1.2301  LR: 0.0000  
[Val] Epoch/Step: 28 | Accuracy: 92.2481  Precision: 72.5500  Recall: 90.1944  F1_Score: 80.4157  Standard_IoU: 67.2460  SDF_Relaxed_IoU: 79.3831  clDice: 83.0382  Pure_Soil_FPR: 0.0000  Insular_Gap_Recall: 78.5098  Gap_mIoU: 0.0000  

--- Epoch 29/30 | LR: 6.037989e-06 ---
Batch [0/25] | Tot: 1.5416 | Seg: 0.0066 | Topo: 0.5974 | Gate: 1.3547
Batch [5/25] | Tot: 1.6224 | Seg: 0.0174 | Topo: 0.2869 | Gate: 1.5037
Batch [10/25] | Tot: 1.5931 | Seg: 0.0238 | Topo: 0.2902 | Gate: 1.4675
Batch [15/25] | Tot: 1.3050 | Seg: 0.0037 | Topo: 0.7143 | Gate: 1.0911
Batch [20/25] | Tot: 1.4491 | Seg: 0.0041 | Topo: 0.8099 | Gate: 1.1958
[Train] Epoch/Step: 29 | Loss: 1.2477  LR: 0.0000  
[Val] Epoch/Step: 29 | Accuracy: 92.2567  Precision: 72.5961  Recall: 90.1455  F1_Score: 80.4246  Standard_IoU: 67.2584  SDF_Relaxed_IoU: 79.3559  clDice: 83.0113  Pure_Soil_FPR: 0.0000  Insular_Gap_Recall: 78.2812  Gap_mIoU: 0.0000  

--- Epoch 30/30 | LR: 5.260210e-06 ---
Batch [0/25] | Tot: 0.9529 | Seg: 0.0234 | Topo: 0.4308 | Gate: 0.7905
Batch [5/25] | Tot: 0.5913 | Seg: 0.0051 | Topo: 0.1961 | Gate: 0.5125
Batch [10/25] | Tot: 1.2919 | Seg: 0.0035 | Topo: 0.5770 | Gate: 1.1049
Batch [15/25] | Tot: 1.7119 | Seg: 0.0149 | Topo: 0.2097 | Gate: 1.6165
Batch [20/25] | Tot: 1.6203 | Seg: 0.0203 | Topo: 0.1958 | Gate: 1.5234
[Train] Epoch/Step: 30 | Loss: 1.2849  LR: 0.0000  
[Val] Epoch/Step: 30 | Accuracy: 92.1734  Precision: 72.2972  Recall: 90.2126  F1_Score: 80.2674  Standard_IoU: 67.0388  SDF_Relaxed_IoU: 79.2610  clDice: 82.9282  Pure_Soil_FPR: 0.0000  Insular_Gap_Recall: 78.2541  Gap_mIoU: 0.0000  

🔥🔥🔥🔥🔥🔥🔥🔥🔥🔥🔥🔥🔥🔥🔥🔥🔥🔥🔥🔥🔥🔥🔥🔥🔥
🚀 RUNNING FINAL EVALUATION ON OFFICIAL TEST SPLIT...
🔥🔥🔥🔥🔥🔥🔥🔥🔥🔥🔥🔥🔥🔥🔥🔥🔥🔥🔥🔥🔥🔥🔥🔥🔥
✅ Successfully loaded physics adapters from /root/autodl-tmp/runs_rootsam_pro/Papaya_736x552_DPI150_FULL_20260228_223153_62aae2e0_abla_full_fair_s0_Papaya_736x552_DPI150/checkpoints/rootsam_pro_Papaya_736x552_DPI150_FULL_20260228_223153_62aae2e0_abla_full_fair_s0_Papaya_736x552_DPI150_best.pth
[Test_Final:BEST_HPACS] Epoch/Step: 30 | Accuracy: 94.2514  Precision: 74.6226  Recall: 90.8918  F1_Score: 81.9576  Standard_IoU: 69.4307  SDF_Relaxed_IoU: 73.7210  clDice: 77.1765  Pure_Soil_FPR: 1.0486  Insular_Gap_Recall: 80.1373  Gap_mIoU: 0.0000  
✅ Successfully loaded physics adapters from /root/autodl-tmp/runs_rootsam_pro/Papaya_736x552_DPI150_FULL_20260228_223153_62aae2e0_abla_full_fair_s0_Papaya_736x552_DPI150/checkpoints/rootsam_pro_Papaya_736x552_DPI150_FULL_20260228_223153_62aae2e0_abla_full_fair_s0_Papaya_736x552_DPI150_best_score.pth
[Test_Final:BEST_SCORE] Epoch/Step: 30 | Accuracy: 94.2514  Precision: 74.6226  Recall: 90.8918  F1_Score: 81.9576  Standard_IoU: 69.4307  SDF_Relaxed_IoU: 73.7210  clDice: 77.1765  Pure_Soil_FPR: 1.0486  Insular_Gap_Recall: 80.1373  Gap_mIoU: 0.0000  
✅ Successfully loaded physics adapters from /root/autodl-tmp/runs_rootsam_pro/Papaya_736x552_DPI150_FULL_20260228_223153_62aae2e0_abla_full_fair_s0_Papaya_736x552_DPI150/checkpoints/rootsam_pro_Papaya_736x552_DPI150_FULL_20260228_223153_62aae2e0_abla_full_fair_s0_Papaya_736x552_DPI150_last.pth
[Test_Final:LAST] Epoch/Step: 30 | Accuracy: 94.0773  Precision: 73.5495  Recall: 91.7749  F1_Score: 81.6576  Standard_IoU: 69.0011  SDF_Relaxed_IoU: 73.1327  clDice: 76.8012  Pure_Soil_FPR: 1.3861  Insular_Gap_Recall: 82.1506  Gap_mIoU: 0.0000  
📊 Quantitative Results securely appended to Table_4_1_Ablation_Results.csv. Ready for LaTeX integration!

🎉 All processes completed successfully!
📁 CSV saved under: /root/autodl-tmp/runs_rootsam_pro/Papaya_736x552_DPI150_FULL_20260228_223153_62aae2e0_abla_full_fair_s0_Papaya_736x552_DPI150/report
  - train_val_history.csv   (每个 epoch 的 train_loss + Val 全指标)
  - best_events.csv         (每次 new best 的全指标快照)
  - best_summary.csv        (当前 best 的单行汇总)
  - test_runs.csv           (每次 final test 的全指标记录)
  - test_summary.csv        (当前 final test 的单行汇总)
